  [1m[35m (0.2ms)[0m  [1m[34mSELECT sqlite_version(*)[0m
  [1m[35m (81.0ms)[0m  [1m[35mCREATE TABLE "schema_migrations" ("version" varchar NOT NULL PRIMARY KEY)[0m
  [1m[35m (105.5ms)[0m  [1m[35mCREATE TABLE "ar_internal_metadata" ("key" varchar NOT NULL PRIMARY KEY, "value" varchar, "created_at" datetime NOT NULL, "updated_at" datetime NOT NULL)[0m
  [1m[35m (0.2ms)[0m  [1m[34mSELECT "schema_migrations"."version" FROM "schema_migrations" ORDER BY "schema_migrations"."version" ASC[0m
Migrating to CreateEmployees (20180411155646)
  [1m[35m (0.2ms)[0m  [1m[36mbegin transaction[0m
  [1m[35m (2.1ms)[0m  [1m[35mCREATE TABLE "employees" ("id" INTEGER PRIMARY KEY AUTOINCREMENT NOT NULL, "name" varchar, "address" varchar, "city" varchar, "state" varchar, "pincode" varchar, "dob" date, "blood_group" varchar, "contact_no" varchar, "designation" varchar, "technology" varchar, "document" varchar, "created_at" datetime NOT NULL, "updated_at" datetime NOT NULL)[0m
  [1m[35mSQL (0.3ms)[0m  [1m[32mINSERT INTO "schema_migrations" ("version") VALUES (?)[0m  [["version", "20180411155646"]]
  [1m[35m (82.8ms)[0m  [1m[36mcommit transaction[0m
Migrating to AddDeviseToEmployees (20180411162058)
  [1m[35m (0.3ms)[0m  [1m[36mbegin transaction[0m
  [1m[35m (1.1ms)[0m  [1m[35mALTER TABLE "employees" ADD "email" varchar DEFAULT '' NOT NULL[0m
  [1m[35m (0.7ms)[0m  [1m[35mALTER TABLE "employees" ADD "encrypted_password" varchar DEFAULT '' NOT NULL[0m
  [1m[35m (0.7ms)[0m  [1m[35mALTER TABLE "employees" ADD "reset_password_token" varchar[0m
  [1m[35m (0.7ms)[0m  [1m[35mALTER TABLE "employees" ADD "reset_password_sent_at" datetime[0m
  [1m[35m (0.7ms)[0m  [1m[35mALTER TABLE "employees" ADD "remember_created_at" datetime[0m
  [1m[35m (0.7ms)[0m  [1m[35mALTER TABLE "employees" ADD "sign_in_count" integer DEFAULT 0 NOT NULL[0m
  [1m[35m (0.7ms)[0m  [1m[35mALTER TABLE "employees" ADD "current_sign_in_at" datetime[0m
  [1m[35m (1.0ms)[0m  [1m[35mALTER TABLE "employees" ADD "last_sign_in_at" datetime[0m
  [1m[35m (0.7ms)[0m  [1m[35mALTER TABLE "employees" ADD "current_sign_in_ip" varchar[0m
  [1m[35m (0.6ms)[0m  [1m[35mALTER TABLE "employees" ADD "last_sign_in_ip" varchar[0m
  [1m[35m (0.5ms)[0m  [1m[35mCREATE UNIQUE INDEX "index_employees_on_email" ON "employees" ("email")[0m
  [1m[35m (0.3ms)[0m  [1m[34m            SELECT sql
            FROM sqlite_master
            WHERE name='index_employees_on_email' AND type='index'
            UNION ALL
            SELECT sql
            FROM sqlite_temp_master
            WHERE name='index_employees_on_email' AND type='index'
[0m
  [1m[35m (0.5ms)[0m  [1m[35mCREATE UNIQUE INDEX "index_employees_on_reset_password_token" ON "employees" ("reset_password_token")[0m
  [1m[35mSQL (0.3ms)[0m  [1m[32mINSERT INTO "schema_migrations" ("version") VALUES (?)[0m  [["version", "20180411162058"]]
  [1m[35m (93.6ms)[0m  [1m[36mcommit transaction[0m
Migrating to AddRoleToEmployees (20180411162951)
  [1m[35m (0.2ms)[0m  [1m[36mbegin transaction[0m
  [1m[35m (1.2ms)[0m  [1m[35mALTER TABLE "employees" ADD "role" varchar[0m
  [1m[35mSQL (0.5ms)[0m  [1m[32mINSERT INTO "schema_migrations" ("version") VALUES (?)[0m  [["version", "20180411162951"]]
  [1m[35m (57.1ms)[0m  [1m[36mcommit transaction[0m
Migrating to CreateArticles (20180417153645)
  [1m[35m (0.2ms)[0m  [1m[36mbegin transaction[0m
  [1m[35m (1.0ms)[0m  [1m[35mCREATE TABLE "articles" ("id" INTEGER PRIMARY KEY AUTOINCREMENT NOT NULL, "title" varchar, "description" text, "created_at" datetime NOT NULL, "updated_at" datetime NOT NULL)[0m
  [1m[35mSQL (0.5ms)[0m  [1m[32mINSERT INTO "schema_migrations" ("version") VALUES (?)[0m  [["version", "20180417153645"]]
  [1m[35m (78.1ms)[0m  [1m[36mcommit transaction[0m
  [1m[36mActiveRecord::InternalMetadata Load (0.5ms)[0m  [1m[34mSELECT  "ar_internal_metadata".* FROM "ar_internal_metadata" WHERE "ar_internal_metadata"."key" = ? LIMIT ?[0m  [["key", "environment"], ["LIMIT", 1]]
  [1m[35m (0.1ms)[0m  [1m[36mbegin transaction[0m
  [1m[35mSQL (0.4ms)[0m  [1m[32mINSERT INTO "ar_internal_metadata" ("key", "value", "created_at", "updated_at") VALUES (?, ?, ?, ?)[0m  [["key", "environment"], ["value", "development"], ["created_at", "2018-05-30 08:57:40.066862"], ["updated_at", "2018-05-30 08:57:40.066862"]]
  [1m[35m (62.6ms)[0m  [1m[36mcommit transaction[0m
  [1m[35m (0.4ms)[0m  [1m[34mSELECT "schema_migrations"."version" FROM "schema_migrations" ORDER BY "schema_migrations"."version" ASC[0m
  [1m[35m (0.4ms)[0m  [1m[34m            SELECT sql
            FROM sqlite_master
            WHERE name='index_employees_on_reset_password_token' AND type='index'
            UNION ALL
            SELECT sql
            FROM sqlite_temp_master
            WHERE name='index_employees_on_reset_password_token' AND type='index'
[0m
  [1m[35m (0.5ms)[0m  [1m[34m            SELECT sql
            FROM sqlite_master
            WHERE name='index_employees_on_email' AND type='index'
            UNION ALL
            SELECT sql
            FROM sqlite_temp_master
            WHERE name='index_employees_on_email' AND type='index'
[0m
  [1m[35m (0.2ms)[0m  [1m[34mSELECT "schema_migrations"."version" FROM "schema_migrations" ORDER BY "schema_migrations"."version" ASC[0m
Started GET "/employees/login" for 127.0.0.1 at 2018-05-30 14:28:28 +0530
  [1m[35m (0.2ms)[0m  [1m[34mSELECT "schema_migrations"."version" FROM "schema_migrations" ORDER BY "schema_migrations"."version" ASC[0m
Processing by EmployeesController#show as HTML
  Parameters: {"id"=>"login"}
  [1m[36mEmployee Load (0.3ms)[0m  [1m[34mSELECT  "employees".* FROM "employees" WHERE "employees"."id" = ? LIMIT ?[0m  [["id", 0], ["LIMIT", 1]]
Completed 404 Not Found in 34ms (ActiveRecord: 1.2ms)


  
ActiveRecord::RecordNotFound (Couldn't find Employee with 'id'=login):
  
app/controllers/employees_controller.rb:67:in `set_employee'
Started GET "/employees/sign_in" for 127.0.0.1 at 2018-05-30 14:28:34 +0530
Processing by Devise::SessionsController#new as HTML
  [1m[36mEmployee Load (1.2ms)[0m  [1m[34mSELECT  "employees".* FROM "employees" WHERE "employees"."id" = ? ORDER BY "employees"."id" ASC LIMIT ?[0m  [["id", 1], ["LIMIT", 1]]
  Rendering /home/aditya/.rbenv/versions/2.3.1/lib/ruby/gems/2.3.0/gems/devise-4.4.3/app/views/devise/sessions/new.html.erb within layouts/application
  Rendered /home/aditya/.rbenv/versions/2.3.1/lib/ruby/gems/2.3.0/gems/devise-4.4.3/app/views/devise/shared/_links.html.erb (6.5ms)
  Rendered /home/aditya/.rbenv/versions/2.3.1/lib/ruby/gems/2.3.0/gems/devise-4.4.3/app/views/devise/sessions/new.html.erb within layouts/application (143.9ms)
Completed 200 OK in 2299ms (Views: 2247.2ms | ActiveRecord: 1.2ms)


Started POST "/employees/sign_in" for 127.0.0.1 at 2018-05-30 14:28:48 +0530
Processing by Devise::SessionsController#create as HTML
  Parameters: {"utf8"=>"✓", "authenticity_token"=>"+brDKlDIajyE8roQhn5VXR3U9B13+zFssWJ3+p/HStYmf3XfflTiin+TSt8Kg0Aa8H/dplHHn4nAEI3R9G+k+w==", "employee"=>{"email"=>"admin@example.com", "password"=>"[FILTERED]", "remember_me"=>"0"}, "commit"=>"Log in"}
  [1m[36mEmployee Load (0.3ms)[0m  [1m[34mSELECT  "employees".* FROM "employees" WHERE "employees"."email" = ? ORDER BY "employees"."id" ASC LIMIT ?[0m  [["email", "admin@example.com"], ["LIMIT", 1]]
Completed 401 Unauthorized in 5ms (ActiveRecord: 0.3ms)


Processing by Devise::SessionsController#new as HTML
  Parameters: {"utf8"=>"✓", "authenticity_token"=>"+brDKlDIajyE8roQhn5VXR3U9B13+zFssWJ3+p/HStYmf3XfflTiin+TSt8Kg0Aa8H/dplHHn4nAEI3R9G+k+w==", "employee"=>{"email"=>"admin@example.com", "password"=>"[FILTERED]", "remember_me"=>"0"}, "commit"=>"Log in"}
  Rendering /home/aditya/.rbenv/versions/2.3.1/lib/ruby/gems/2.3.0/gems/devise-4.4.3/app/views/devise/sessions/new.html.erb within layouts/application
  Rendered /home/aditya/.rbenv/versions/2.3.1/lib/ruby/gems/2.3.0/gems/devise-4.4.3/app/views/devise/shared/_links.html.erb (1.5ms)
  Rendered /home/aditya/.rbenv/versions/2.3.1/lib/ruby/gems/2.3.0/gems/devise-4.4.3/app/views/devise/sessions/new.html.erb within layouts/application (5.8ms)
Completed 200 OK in 250ms (Views: 43.0ms | ActiveRecord: 0.0ms)


Started GET "/employees/sign_up" for 127.0.0.1 at 2018-05-30 14:28:50 +0530
Processing by Devise::RegistrationsController#new as HTML
  Rendering /home/aditya/.rbenv/versions/2.3.1/lib/ruby/gems/2.3.0/gems/devise-4.4.3/app/views/devise/registrations/new.html.erb within layouts/application
  Rendered /home/aditya/.rbenv/versions/2.3.1/lib/ruby/gems/2.3.0/gems/devise-4.4.3/app/views/devise/shared/_links.html.erb (2.7ms)
  Rendered /home/aditya/.rbenv/versions/2.3.1/lib/ruby/gems/2.3.0/gems/devise-4.4.3/app/views/devise/registrations/new.html.erb within layouts/application (12.5ms)
Completed 200 OK in 71ms (Views: 68.8ms | ActiveRecord: 0.0ms)


Started POST "/employees" for 127.0.0.1 at 2018-05-30 14:28:59 +0530
Processing by Devise::RegistrationsController#create as HTML
  Parameters: {"utf8"=>"✓", "authenticity_token"=>"iK+VmPc6CvkhzAnvnb2VGoaL0zR9cqTeNwk7uZ39K4H1gZ6xEk1za2HpCjYZMQZ6TbKHwypvhj3dsf4aSFEj6g==", "employee"=>{"email"=>"admin@example.com", "password"=>"[FILTERED]", "password_confirmation"=>"[FILTERED]"}, "commit"=>"Sign up"}
  [1m[35m (0.1ms)[0m  [1m[36mbegin transaction[0m
  [1m[36mEmployee Exists (0.2ms)[0m  [1m[34mSELECT  1 AS one FROM "employees" WHERE "employees"."email" = ? LIMIT ?[0m  [["email", "admin@example.com"], ["LIMIT", 1]]
  [1m[35mSQL (1.2ms)[0m  [1m[32mINSERT INTO "employees" ("created_at", "updated_at", "email", "encrypted_password") VALUES (?, ?, ?, ?)[0m  [["created_at", "2018-05-30 08:58:59.914096"], ["updated_at", "2018-05-30 08:58:59.914096"], ["email", "admin@example.com"], ["encrypted_password", "$2a$11$H9hbdPLuWSx80vE4qS1mse/ThOFfqxXUTp7XcIjL3Q1/c.aiUjLB2"]]
  [1m[35m (70.6ms)[0m  [1m[36mcommit transaction[0m
  [1m[35m (0.1ms)[0m  [1m[36mbegin transaction[0m
  [1m[35mSQL (0.4ms)[0m  [1m[33mUPDATE "employees" SET "updated_at" = ?, "sign_in_count" = ?, "current_sign_in_at" = ?, "last_sign_in_at" = ?, "current_sign_in_ip" = ?, "last_sign_in_ip" = ? WHERE "employees"."id" = ?[0m  [["updated_at", "2018-05-30 08:58:59.993007"], ["sign_in_count", 1], ["current_sign_in_at", "2018-05-30 08:58:59.991493"], ["last_sign_in_at", "2018-05-30 08:58:59.991493"], ["current_sign_in_ip", "127.0.0.1"], ["last_sign_in_ip", "127.0.0.1"], ["id", 1]]
  [1m[35m (69.2ms)[0m  [1m[36mcommit transaction[0m
Redirected to http://localhost:3000/
Completed 302 Found in 405ms (ActiveRecord: 141.9ms)


Started GET "/" for 127.0.0.1 at 2018-05-30 14:29:00 +0530
Processing by EmployeesController#index as HTML
  Rendering employees/index.html.erb within layouts/application
  [1m[36mEmployee Load (0.3ms)[0m  [1m[34mSELECT "employees".* FROM "employees"[0m
  Rendered employees/index.html.erb within layouts/application (13.9ms)
  [1m[36mEmployee Load (0.4ms)[0m  [1m[34mSELECT  "employees".* FROM "employees" WHERE "employees"."id" = ? ORDER BY "employees"."id" ASC LIMIT ?[0m  [["id", 1], ["LIMIT", 1]]
Completed 200 OK in 41ms (Views: 36.3ms | ActiveRecord: 0.7ms)


Started DELETE "/employees/sign_out" for 127.0.0.1 at 2018-05-30 14:29:04 +0530
Processing by Devise::SessionsController#destroy as HTML
  Parameters: {"authenticity_token"=>"hQgSeG6ofIEGT58xngmU+7tCMuAWVuE8T/MRdkaQkBVazaSNQDT0N/0ub/4S9IG8VukbWzBqT9k+getdLTh+OA=="}
  [1m[36mEmployee Load (0.6ms)[0m  [1m[34mSELECT  "employees".* FROM "employees" WHERE "employees"."id" = ? ORDER BY "employees"."id" ASC LIMIT ?[0m  [["id", 1], ["LIMIT", 1]]
  [1m[35m (0.1ms)[0m  [1m[36mbegin transaction[0m
  [1m[35m (0.1ms)[0m  [1m[36mcommit transaction[0m
Redirected to http://localhost:3000/
Completed 302 Found in 10ms (ActiveRecord: 0.8ms)


Started GET "/" for 127.0.0.1 at 2018-05-30 14:29:04 +0530
Processing by EmployeesController#index as HTML
  Rendering employees/index.html.erb within layouts/application
  [1m[36mEmployee Load (0.4ms)[0m  [1m[34mSELECT "employees".* FROM "employees"[0m
  Rendered employees/index.html.erb within layouts/application (3.6ms)
Completed 200 OK in 26ms (Views: 24.0ms | ActiveRecord: 0.4ms)


  [1m[36mEmployee Load (0.3ms)[0m  [1m[34mSELECT  "employees".* FROM "employees" ORDER BY "employees"."id" DESC LIMIT ?[0m  [["LIMIT", 1]]
  [1m[36mEmployee Load (0.3ms)[0m  [1m[34mSELECT  "employees".* FROM "employees" ORDER BY "employees"."id" DESC LIMIT ?[0m  [["LIMIT", 1]]
  [1m[35m (0.1ms)[0m  [1m[36mbegin transaction[0m
  [1m[35mSQL (0.3ms)[0m  [1m[33mUPDATE "employees" SET "updated_at" = ?, "role" = ? WHERE "employees"."id" = ?[0m  [["updated_at", "2018-05-30 09:00:12.358586"], ["role", "admin"], ["id", 1]]
  [1m[35m (92.8ms)[0m  [1m[36mcommit transaction[0m
  [1m[36mEmployee Load (1.5ms)[0m  [1m[34mSELECT  "employees".* FROM "employees" LIMIT ?[0m  [["LIMIT", 11]]
Started GET "/employees/sign_in" for 127.0.0.1 at 2018-05-30 14:30:56 +0530
  [1m[35m (0.2ms)[0m  [1m[34mSELECT "schema_migrations"."version" FROM "schema_migrations" ORDER BY "schema_migrations"."version" ASC[0m
Processing by Devise::SessionsController#new as HTML
  Rendering /home/aditya/.rbenv/versions/2.3.1/lib/ruby/gems/2.3.0/gems/devise-4.4.3/app/views/devise/sessions/new.html.erb within layouts/application
  Rendered /home/aditya/.rbenv/versions/2.3.1/lib/ruby/gems/2.3.0/gems/devise-4.4.3/app/views/devise/shared/_links.html.erb (5.7ms)
  Rendered /home/aditya/.rbenv/versions/2.3.1/lib/ruby/gems/2.3.0/gems/devise-4.4.3/app/views/devise/sessions/new.html.erb within layouts/application (25.5ms)
Completed 200 OK in 285ms (Views: 212.0ms | ActiveRecord: 1.5ms)


Started GET "/employees/sign_up" for 127.0.0.1 at 2018-05-30 14:30:58 +0530
Processing by Devise::RegistrationsController#new as HTML
  Rendering /home/aditya/.rbenv/versions/2.3.1/lib/ruby/gems/2.3.0/gems/devise-4.4.3/app/views/devise/registrations/new.html.erb within layouts/application
  Rendered /home/aditya/.rbenv/versions/2.3.1/lib/ruby/gems/2.3.0/gems/devise-4.4.3/app/views/devise/shared/_links.html.erb (1.6ms)
  Rendered /home/aditya/.rbenv/versions/2.3.1/lib/ruby/gems/2.3.0/gems/devise-4.4.3/app/views/devise/registrations/new.html.erb within layouts/application (13.6ms)
Completed 200 OK in 64ms (Views: 57.7ms | ActiveRecord: 0.0ms)


Started POST "/employees" for 127.0.0.1 at 2018-05-30 14:31:11 +0530
Processing by Devise::RegistrationsController#create as HTML
  Parameters: {"utf8"=>"✓", "authenticity_token"=>"jt0Y//KGqfFS06vlMQEi5qP58tlZAI7/ugjIBjMkVCCSjX6f8EZegyvu8pAL0UIbykwGs4/OyLO7QDMi/kzvkQ==", "employee"=>{"email"=>"aman@example.com", "password"=>"[FILTERED]", "password_confirmation"=>"[FILTERED]"}, "commit"=>"Sign up"}
  [1m[35m (0.1ms)[0m  [1m[36mbegin transaction[0m
  [1m[36mEmployee Exists (0.2ms)[0m  [1m[34mSELECT  1 AS one FROM "employees" WHERE "employees"."email" = ? LIMIT ?[0m  [["email", "aman@example.com"], ["LIMIT", 1]]
  [1m[35mSQL (1.3ms)[0m  [1m[32mINSERT INTO "employees" ("created_at", "updated_at", "email", "encrypted_password") VALUES (?, ?, ?, ?)[0m  [["created_at", "2018-05-30 09:01:11.684257"], ["updated_at", "2018-05-30 09:01:11.684257"], ["email", "aman@example.com"], ["encrypted_password", "$2a$11$b9gw.DNjRRH4kd5MkBBcp.94OJYGL62l.oCv7vrjH3Q5b5aY.97EC"]]
  [1m[35m (69.6ms)[0m  [1m[36mcommit transaction[0m
  [1m[35m (0.2ms)[0m  [1m[36mbegin transaction[0m
  [1m[35mSQL (1.1ms)[0m  [1m[33mUPDATE "employees" SET "updated_at" = ?, "sign_in_count" = ?, "current_sign_in_at" = ?, "last_sign_in_at" = ?, "current_sign_in_ip" = ?, "last_sign_in_ip" = ? WHERE "employees"."id" = ?[0m  [["updated_at", "2018-05-30 09:01:11.763878"], ["sign_in_count", 1], ["current_sign_in_at", "2018-05-30 09:01:11.761383"], ["last_sign_in_at", "2018-05-30 09:01:11.761383"], ["current_sign_in_ip", "127.0.0.1"], ["last_sign_in_ip", "127.0.0.1"], ["id", 2]]
  [1m[35m (59.5ms)[0m  [1m[36mcommit transaction[0m
Redirected to http://localhost:3000/
Completed 302 Found in 416ms (ActiveRecord: 132.0ms)


Started GET "/" for 127.0.0.1 at 2018-05-30 14:31:11 +0530
Processing by EmployeesController#index as HTML
  Rendering employees/index.html.erb within layouts/application
  [1m[36mEmployee Load (0.4ms)[0m  [1m[34mSELECT "employees".* FROM "employees"[0m
  Rendered employees/index.html.erb within layouts/application (5.1ms)
  [1m[36mEmployee Load (0.5ms)[0m  [1m[34mSELECT  "employees".* FROM "employees" WHERE "employees"."id" = ? ORDER BY "employees"."id" ASC LIMIT ?[0m  [["id", 2], ["LIMIT", 1]]
Completed 200 OK in 37ms (Views: 33.7ms | ActiveRecord: 0.9ms)


Started DELETE "/employees/sign_out" for 127.0.0.1 at 2018-05-30 14:31:19 +0530
Processing by Devise::SessionsController#destroy as HTML
  Parameters: {"authenticity_token"=>"kYAmh9lEj39O2GjGGkSdO+H1ngs6YRJtZXyzW3BVGDbZQ5WrCXWZ+SlgWkC6mqSmqMc3NA1yj6vGFSB3PfIeug=="}
  [1m[36mEmployee Load (0.4ms)[0m  [1m[34mSELECT  "employees".* FROM "employees" WHERE "employees"."id" = ? ORDER BY "employees"."id" ASC LIMIT ?[0m  [["id", 2], ["LIMIT", 1]]
  [1m[35m (0.1ms)[0m  [1m[36mbegin transaction[0m
  [1m[35m (0.1ms)[0m  [1m[36mcommit transaction[0m
Redirected to http://localhost:3000/
Completed 302 Found in 8ms (ActiveRecord: 0.5ms)


Started GET "/" for 127.0.0.1 at 2018-05-30 14:31:19 +0530
Processing by EmployeesController#index as HTML
  Rendering employees/index.html.erb within layouts/application
  [1m[36mEmployee Load (0.4ms)[0m  [1m[34mSELECT "employees".* FROM "employees"[0m
  Rendered employees/index.html.erb within layouts/application (3.2ms)
Completed 200 OK in 26ms (Views: 25.0ms | ActiveRecord: 0.4ms)


Started GET "/employees/sign_in" for 127.0.0.1 at 2018-05-30 14:31:21 +0530
Processing by Devise::SessionsController#new as HTML
  Rendering /home/aditya/.rbenv/versions/2.3.1/lib/ruby/gems/2.3.0/gems/devise-4.4.3/app/views/devise/sessions/new.html.erb within layouts/application
  Rendered /home/aditya/.rbenv/versions/2.3.1/lib/ruby/gems/2.3.0/gems/devise-4.4.3/app/views/devise/shared/_links.html.erb (5.6ms)
  Rendered /home/aditya/.rbenv/versions/2.3.1/lib/ruby/gems/2.3.0/gems/devise-4.4.3/app/views/devise/sessions/new.html.erb within layouts/application (25.4ms)
Completed 200 OK in 98ms (Views: 93.7ms | ActiveRecord: 0.0ms)


Started POST "/employees/sign_in" for 127.0.0.1 at 2018-05-30 14:31:26 +0530
Processing by Devise::SessionsController#create as HTML
  Parameters: {"utf8"=>"✓", "authenticity_token"=>"kiG7lNeRq8JQh86I3/F1HQ6xN+TcuW6usAyP/0Ve3bZOQ30Fsu3VfZg0hq6its0XQmnOD1jd7IA91KwRtwgj4w==", "employee"=>{"email"=>"admin@example.com", "password"=>"[FILTERED]", "remember_me"=>"0"}, "commit"=>"Log in"}
  [1m[36mEmployee Load (0.8ms)[0m  [1m[34mSELECT  "employees".* FROM "employees" WHERE "employees"."email" = ? ORDER BY "employees"."id" ASC LIMIT ?[0m  [["email", "admin@example.com"], ["LIMIT", 1]]
  [1m[35m (0.2ms)[0m  [1m[36mbegin transaction[0m
  [1m[35mSQL (0.9ms)[0m  [1m[33mUPDATE "employees" SET "current_sign_in_at" = ?, "sign_in_count" = ?, "updated_at" = ? WHERE "employees"."id" = ?[0m  [["current_sign_in_at", "2018-05-30 09:01:27.119713"], ["sign_in_count", 2], ["updated_at", "2018-05-30 09:01:27.122283"], ["id", 1]]
  [1m[35m (51.6ms)[0m  [1m[36mcommit transaction[0m
Redirected to http://localhost:3000/admins/employees
Completed 302 Found in 299ms (ActiveRecord: 53.5ms)


Started GET "/admins/employees" for 127.0.0.1 at 2018-05-30 14:31:27 +0530
Processing by Admins::EmployeesController#index as HTML
  [1m[36mEmployee Load (1.0ms)[0m  [1m[34mSELECT  "employees".* FROM "employees" WHERE "employees"."id" = ? ORDER BY "employees"."id" ASC LIMIT ?[0m  [["id", 1], ["LIMIT", 1]]
  Rendering admins/employees/index.html.erb within layouts/application
  [1m[36mEmployee Load (0.3ms)[0m  [1m[34mSELECT "employees".* FROM "employees"[0m
  Rendered admins/employees/index.html.erb within layouts/application (3.0ms)
Completed 200 OK in 36ms (Views: 27.7ms | ActiveRecord: 1.2ms)


Started DELETE "/employees/sign_out" for 127.0.0.1 at 2018-05-30 14:53:32 +0530
Processing by Devise::SessionsController#destroy as HTML
  Parameters: {"authenticity_token"=>"+ok60Uwl75DRPmStHJqqtK6W3vlKWBmObHQlYGWlXmGkHBH4lThDLnUcO8/DgofNjr52UUUR86Xzw5HnBHB/5g=="}
  [1m[36mEmployee Load (1.4ms)[0m  [1m[34mSELECT  "employees".* FROM "employees" WHERE "employees"."id" = ? ORDER BY "employees"."id" ASC LIMIT ?[0m  [["id", 1], ["LIMIT", 1]]
  [1m[35m (0.2ms)[0m  [1m[36mbegin transaction[0m
  [1m[35m (0.1ms)[0m  [1m[36mcommit transaction[0m
Redirected to http://localhost:3000/
Completed 302 Found in 11ms (ActiveRecord: 1.6ms)


Started GET "/" for 127.0.0.1 at 2018-05-30 14:53:32 +0530
Processing by EmployeesController#index as HTML
  Rendering employees/index.html.erb within layouts/application
  [1m[36mEmployee Load (0.3ms)[0m  [1m[34mSELECT "employees".* FROM "employees"[0m
  Rendered employees/index.html.erb within layouts/application (3.3ms)
Completed 200 OK in 35ms (Views: 33.2ms | ActiveRecord: 0.3ms)


Started GET "/employees/sign_in" for 127.0.0.1 at 2018-05-30 14:53:33 +0530
Processing by Devise::SessionsController#new as HTML
  Rendering /home/aditya/.rbenv/versions/2.3.1/lib/ruby/gems/2.3.0/gems/devise-4.4.3/app/views/devise/sessions/new.html.erb within layouts/application
  Rendered /home/aditya/.rbenv/versions/2.3.1/lib/ruby/gems/2.3.0/gems/devise-4.4.3/app/views/devise/shared/_links.html.erb (2.4ms)
  Rendered /home/aditya/.rbenv/versions/2.3.1/lib/ruby/gems/2.3.0/gems/devise-4.4.3/app/views/devise/sessions/new.html.erb within layouts/application (11.5ms)
Completed 200 OK in 62ms (Views: 58.9ms | ActiveRecord: 0.0ms)


Started POST "/employees/sign_in" for 127.0.0.1 at 2018-05-30 14:53:38 +0530
Processing by Devise::SessionsController#create as HTML
  Parameters: {"utf8"=>"✓", "authenticity_token"=>"AYoSDRyLlbOCeIw8Nd7CALh4E5TZPiSqUSXHseB5DSdG2ybGvmwoNIJGe1pQn7tI6UEaAvOLCle3dEzgysd6eA==", "employee"=>{"email"=>"aman@example.com", "password"=>"[FILTERED]", "remember_me"=>"0"}, "commit"=>"Log in"}
  [1m[36mEmployee Load (0.7ms)[0m  [1m[34mSELECT  "employees".* FROM "employees" WHERE "employees"."email" = ? ORDER BY "employees"."id" ASC LIMIT ?[0m  [["email", "aman@example.com"], ["LIMIT", 1]]
  [1m[35m (0.1ms)[0m  [1m[36mbegin transaction[0m
  [1m[35mSQL (1.2ms)[0m  [1m[33mUPDATE "employees" SET "current_sign_in_at" = ?, "sign_in_count" = ?, "updated_at" = ? WHERE "employees"."id" = ?[0m  [["current_sign_in_at", "2018-05-30 09:23:39.084050"], ["sign_in_count", 2], ["updated_at", "2018-05-30 09:23:39.085151"], ["id", 2]]
  [1m[35m (57.3ms)[0m  [1m[36mcommit transaction[0m
Redirected to http://localhost:3000/
Completed 302 Found in 314ms (ActiveRecord: 59.3ms)


Started GET "/" for 127.0.0.1 at 2018-05-30 14:53:39 +0530
Processing by EmployeesController#index as HTML
  Rendering employees/index.html.erb within layouts/application
  [1m[36mEmployee Load (0.3ms)[0m  [1m[34mSELECT "employees".* FROM "employees"[0m
  Rendered employees/index.html.erb within layouts/application (6.3ms)
  [1m[36mEmployee Load (0.2ms)[0m  [1m[34mSELECT  "employees".* FROM "employees" WHERE "employees"."id" = ? ORDER BY "employees"."id" ASC LIMIT ?[0m  [["id", 2], ["LIMIT", 1]]
Completed 200 OK in 54ms (Views: 47.3ms | ActiveRecord: 0.6ms)


Started DELETE "/employees/sign_out" for 127.0.0.1 at 2018-05-30 14:53:40 +0530
Processing by Devise::SessionsController#destroy as HTML
  Parameters: {"authenticity_token"=>"QSqZnh3G50oPZoSzK9p5cWUXM6bLsAmCPEekOp0pzgsrHMq67sw/T8/oiblXvbA7rQiQYYKk8F0FIK0ZTPQrMA=="}
  [1m[36mEmployee Load (1.2ms)[0m  [1m[34mSELECT  "employees".* FROM "employees" WHERE "employees"."id" = ? ORDER BY "employees"."id" ASC LIMIT ?[0m  [["id", 2], ["LIMIT", 1]]
  [1m[35m (0.2ms)[0m  [1m[36mbegin transaction[0m
  [1m[35m (0.2ms)[0m  [1m[36mcommit transaction[0m
Redirected to http://localhost:3000/
Completed 302 Found in 18ms (ActiveRecord: 1.6ms)


Started GET "/" for 127.0.0.1 at 2018-05-30 14:53:40 +0530
Processing by EmployeesController#index as HTML
  Rendering employees/index.html.erb within layouts/application
  [1m[36mEmployee Load (1.3ms)[0m  [1m[34mSELECT "employees".* FROM "employees"[0m
  Rendered employees/index.html.erb within layouts/application (13.0ms)
Completed 200 OK in 52ms (Views: 46.6ms | ActiveRecord: 1.3ms)


Started GET "/employees/new" for 127.0.0.1 at 2018-05-30 14:54:49 +0530
Processing by EmployeesController#new as HTML
  Rendering employees/new.html.erb within layouts/application
  Rendered employees/_form.html.erb (96.0ms)
  Rendered employees/new.html.erb within layouts/application (108.9ms)
Completed 200 OK in 173ms (Views: 167.6ms | ActiveRecord: 0.0ms)


Started GET "/employees/sign_in" for 127.0.0.1 at 2018-05-30 14:54:51 +0530
Processing by Devise::SessionsController#new as HTML
  Rendering /home/aditya/.rbenv/versions/2.3.1/lib/ruby/gems/2.3.0/gems/devise-4.4.3/app/views/devise/sessions/new.html.erb within layouts/application
  Rendered /home/aditya/.rbenv/versions/2.3.1/lib/ruby/gems/2.3.0/gems/devise-4.4.3/app/views/devise/shared/_links.html.erb (7.3ms)
  Rendered /home/aditya/.rbenv/versions/2.3.1/lib/ruby/gems/2.3.0/gems/devise-4.4.3/app/views/devise/sessions/new.html.erb within layouts/application (28.8ms)
Completed 200 OK in 96ms (Views: 89.1ms | ActiveRecord: 0.0ms)


Started POST "/employees/sign_in" for 127.0.0.1 at 2018-05-30 14:54:57 +0530
Processing by Devise::SessionsController#create as HTML
  Parameters: {"utf8"=>"✓", "authenticity_token"=>"4/hv4FeCTm576D6K2N2dW9GSbV4wfr1mbQG1bXhrIUcOjMqzQPaINOOACuJL7J/JIBv+lBcHXT7O4KLGXm6x0Q==", "employee"=>{"email"=>"admin@example.com", "password"=>"[FILTERED]", "remember_me"=>"0"}, "commit"=>"Log in"}
  [1m[36mEmployee Load (0.8ms)[0m  [1m[34mSELECT  "employees".* FROM "employees" WHERE "employees"."email" = ? ORDER BY "employees"."id" ASC LIMIT ?[0m  [["email", "admin@example.com"], ["LIMIT", 1]]
  [1m[35m (0.1ms)[0m  [1m[36mbegin transaction[0m
  [1m[35mSQL (0.9ms)[0m  [1m[33mUPDATE "employees" SET "current_sign_in_at" = ?, "last_sign_in_at" = ?, "sign_in_count" = ?, "updated_at" = ? WHERE "employees"."id" = ?[0m  [["current_sign_in_at", "2018-05-30 09:24:57.658188"], ["last_sign_in_at", "2018-05-30 09:01:27.119713"], ["sign_in_count", 3], ["updated_at", "2018-05-30 09:24:57.659940"], ["id", 1]]
  [1m[35m (68.0ms)[0m  [1m[36mcommit transaction[0m
Redirected to http://localhost:3000/admins/employees
Completed 302 Found in 292ms (ActiveRecord: 69.8ms)


Started GET "/admins/employees" for 127.0.0.1 at 2018-05-30 14:54:57 +0530
Processing by Admins::EmployeesController#index as HTML
  [1m[36mEmployee Load (1.4ms)[0m  [1m[34mSELECT  "employees".* FROM "employees" WHERE "employees"."id" = ? ORDER BY "employees"."id" ASC LIMIT ?[0m  [["id", 1], ["LIMIT", 1]]
  Rendering admins/employees/index.html.erb within layouts/application
  [1m[36mEmployee Load (0.9ms)[0m  [1m[34mSELECT "employees".* FROM "employees"[0m
  Rendered admins/employees/index.html.erb within layouts/application (8.9ms)
Completed 200 OK in 80ms (Views: 67.9ms | ActiveRecord: 2.3ms)


Started GET "/admins/employees/new" for 127.0.0.1 at 2018-05-30 14:54:59 +0530
Processing by Admins::EmployeesController#new as HTML
  [1m[36mEmployee Load (1.2ms)[0m  [1m[34mSELECT  "employees".* FROM "employees" WHERE "employees"."id" = ? ORDER BY "employees"."id" ASC LIMIT ?[0m  [["id", 1], ["LIMIT", 1]]
  Rendering admins/employees/new.html.erb within layouts/application
  Rendered admins/employees/_form.html.erb (19.8ms)
  Rendered admins/employees/new.html.erb within layouts/application (31.2ms)
Completed 200 OK in 84ms (Views: 71.5ms | ActiveRecord: 1.2ms)


Started GET "/admins/employees/new" for 127.0.0.1 at 2018-05-30 15:00:09 +0530
  
NameError (uninitialized constant Employee::DocumentUploader):
  
app/models/employee.rb:8:in `<class:Employee>'
app/models/employee.rb:1:in `<top (required)>'
config/routes.rb:3:in `block in <top (required)>'
config/routes.rb:1:in `<top (required)>'
Started GET "/admins/employees/new" for 127.0.0.1 at 2018-05-30 15:01:54 +0530
  [1m[35m (0.4ms)[0m  [1m[34mSELECT "schema_migrations"."version" FROM "schema_migrations" ORDER BY "schema_migrations"."version" ASC[0m
Processing by Admins::EmployeesController#new as HTML
  [1m[36mEmployee Load (0.5ms)[0m  [1m[34mSELECT  "employees".* FROM "employees" WHERE "employees"."id" = ? ORDER BY "employees"."id" ASC LIMIT ?[0m  [["id", 1], ["LIMIT", 1]]
  Rendering admins/employees/new.html.erb within layouts/application
  Rendered admins/employees/_form.html.erb (86.6ms)
  Rendered admins/employees/new.html.erb within layouts/application (89.4ms)
Completed 200 OK in 341ms (Views: 297.7ms | ActiveRecord: 1.8ms)


Started GET "/admins/employees" for 127.0.0.1 at 2018-05-30 15:02:18 +0530
Processing by Admins::EmployeesController#index as HTML
  [1m[36mEmployee Load (0.4ms)[0m  [1m[34mSELECT  "employees".* FROM "employees" WHERE "employees"."id" = ? ORDER BY "employees"."id" ASC LIMIT ?[0m  [["id", 1], ["LIMIT", 1]]
  Rendering admins/employees/index.html.erb within layouts/application
  [1m[36mEmployee Load (0.4ms)[0m  [1m[34mSELECT "employees".* FROM "employees"[0m
  Rendered admins/employees/index.html.erb within layouts/application (3.9ms)
Completed 200 OK in 39ms (Views: 35.1ms | ActiveRecord: 0.7ms)


Started DELETE "/employees/sign_out" for 127.0.0.1 at 2018-05-30 15:02:22 +0530
Processing by Devise::SessionsController#destroy as HTML
  Parameters: {"authenticity_token"=>"4fRdBZgmA8Y3B3n45OckDQjKc2fYLID1Qkn7H1bAdcGCUyCsrehKEOzKAxO9BAEFzkBue+IgRORteg/c81ZwIg=="}
  [1m[36mEmployee Load (0.3ms)[0m  [1m[34mSELECT  "employees".* FROM "employees" WHERE "employees"."id" = ? ORDER BY "employees"."id" ASC LIMIT ?[0m  [["id", 1], ["LIMIT", 1]]
  [1m[35m (0.1ms)[0m  [1m[36mbegin transaction[0m
  [1m[35m (0.1ms)[0m  [1m[36mcommit transaction[0m
Redirected to http://localhost:3000/
Completed 302 Found in 41ms (ActiveRecord: 0.4ms)


Started GET "/" for 127.0.0.1 at 2018-05-30 15:02:22 +0530
Processing by EmployeesController#index as HTML
  Rendering employees/index.html.erb within layouts/application
  [1m[36mEmployee Load (0.3ms)[0m  [1m[34mSELECT "employees".* FROM "employees"[0m
  Rendered employees/index.html.erb within layouts/application (3.1ms)
Completed 200 OK in 39ms (Views: 37.2ms | ActiveRecord: 0.3ms)


Started GET "/" for 127.0.0.1 at 2018-05-30 15:03:28 +0530
Processing by EmployeesController#index as HTML
  Rendering employees/index.html.erb within layouts/application
  [1m[36mEmployee Load (0.7ms)[0m  [1m[34mSELECT "employees".* FROM "employees"[0m
  Rendered employees/index.html.erb within layouts/application (17.9ms)
Completed 200 OK in 68ms (Views: 65.6ms | ActiveRecord: 0.7ms)


Started GET "/" for 127.0.0.1 at 2018-05-30 15:04:50 +0530
Processing by EmployeesController#index as HTML
  Rendering employees/index.html.erb within layouts/application
  [1m[36mEmployee Load (0.5ms)[0m  [1m[34mSELECT "employees".* FROM "employees"[0m
  Rendered employees/index.html.erb within layouts/application (5.0ms)
Completed 200 OK in 45ms (Views: 42.5ms | ActiveRecord: 0.5ms)


